<?xml version="1.0" encoding="UTF-8"?>
<!-- Generated by org.testng.reporters.JUnitXMLReporter -->
<testsuite hostname="Harshil-PC" name="Default test" tests="3" failures="0" timestamp="20 Mar 2018 06:08:22 GMT" time="2.046" errors="0">
  <testcase name="testwithSucessScenario" time="1.341" classname="com.nevelex.api.task2.APITestingTask2_GET_NG"/>
  <testcase name="testwith500Scenario" time="0.334" classname="com.nevelex.api.task2.APITestingTask2_GET_NG"/>
  <testcase name="testwith404Scenario" time="0.331" classname="com.nevelex.api.task2.APITestingTask2_GET_NG"/>
</testsuite> <!-- Default test -->
