<?xml version="1.0" encoding="UTF-8"?>
<testng-results skipped="0" failed="0" total="3" passed="3">
  <reporter-output>
  </reporter-output>
  <suite name="Default suite" duration-ms="2046" started-at="2018-03-20T06:08:20Z" finished-at="2018-03-20T06:08:22Z">
    <groups>
    </groups>
    <test name="Default test" duration-ms="2046" started-at="2018-03-20T06:08:20Z" finished-at="2018-03-20T06:08:22Z">
      <class name="com.nevelex.api.task2.APITestingTask2_GET_NG">
        <test-method status="PASS" signature="testwithSucessScenario()[pri:1, instance:com.nevelex.api.task2.APITestingTask2_GET_NG@6ea12c19]" name="testwithSucessScenario" duration-ms="1341" started-at="2018-03-19T23:08:20Z" finished-at="2018-03-19T23:08:22Z">
          <reporter-output>
          </reporter-output>
        </test-method> <!-- testwithSucessScenario -->
        <test-method status="PASS" signature="testwith500Scenario()[pri:2, instance:com.nevelex.api.task2.APITestingTask2_GET_NG@6ea12c19]" name="testwith500Scenario" duration-ms="334" started-at="2018-03-19T23:08:22Z" finished-at="2018-03-19T23:08:22Z">
          <reporter-output>
          </reporter-output>
        </test-method> <!-- testwith500Scenario -->
        <test-method status="PASS" signature="testwith404Scenario()[pri:3, instance:com.nevelex.api.task2.APITestingTask2_GET_NG@6ea12c19]" name="testwith404Scenario" duration-ms="331" started-at="2018-03-19T23:08:22Z" finished-at="2018-03-19T23:08:22Z">
          <reporter-output>
          </reporter-output>
        </test-method> <!-- testwith404Scenario -->
      </class> <!-- com.nevelex.api.task2.APITestingTask2_GET_NG -->
    </test> <!-- Default test -->
  </suite> <!-- Default suite -->
</testng-results>
